10/07/2019 07:07:26 PM - INFO - Start running project
10/07/2019 07:09:46 PM - INFO - Start running project
10/07/2019 07:09:50 PM - INFO - Stop running project
10/07/2019 09:14:49 PM - INFO - Start running project
10/07/2019 09:15:11 PM - INFO - Start running project
10/07/2019 09:16:06 PM - INFO - Start running project
10/07/2019 09:16:16 PM - INFO - sydneytrains: grab alert info
10/07/2019 09:17:31 PM - INFO - Start running project
10/07/2019 09:17:39 PM - INFO - sydneytrains: grab alert info
10/07/2019 09:18:51 PM - INFO - Start running project
10/07/2019 09:18:54 PM - INFO - sydneytrains: grab alert info
10/07/2019 09:19:21 PM - INFO - Start running project
10/07/2019 09:19:37 PM - INFO - Start running project
10/07/2019 09:20:09 PM - INFO - Start running project
10/07/2019 09:20:13 PM - INFO - sydneytrains: grab alert info
10/07/2019 09:23:02 PM - INFO - Start running project
10/07/2019 09:23:07 PM - INFO - sydneytrains: grab alert info
10/07/2019 09:24:12 PM - INFO - Start running project
10/07/2019 09:24:14 PM - INFO - sydneytrains: grab alert info
10/07/2019 09:25:48 PM - INFO - Start running project
10/07/2019 09:25:55 PM - INFO - sydneytrains: grab alert info
10/07/2019 09:26:15 PM - INFO - Start running project
10/07/2019 09:26:17 PM - INFO - sydneytrains: grab alert info
10/07/2019 10:23:55 PM - INFO - Start running project
10/07/2019 10:23:59 PM - INFO - sydneytrains: grab trip update info
10/07/2019 10:25:12 PM - INFO - Start running project
10/07/2019 10:25:17 PM - INFO - sydneytrains: grab trip update info
04/10/2020 09:01:05 AM - INFO - Start running project
04/10/2020 09:01:17 AM - INFO - sydneytrains: grab static timetable info
04/10/2020 09:04:25 AM - INFO - Start running project
04/10/2020 09:05:35 AM - INFO - Start running project
04/10/2020 09:05:39 AM - INFO - sydneytrains: grab static timetable info
04/10/2020 10:24:35 AM - INFO - Start running project
04/10/2020 10:24:43 AM - INFO - sydneytrains: grab static timetable info
04/10/2020 10:26:20 AM - INFO - Start running project
04/10/2020 10:27:16 AM - INFO - Start running project
04/10/2020 10:41:14 AM - INFO - Start running project
04/10/2020 10:41:18 AM - INFO - sydneytrains: grab static timetable info
04/10/2020 10:41:59 AM - INFO - Start running project
04/10/2020 10:42:03 AM - INFO - sydneytrains: grab static timetable info
04/10/2020 10:49:14 AM - INFO - Start running project
04/10/2020 10:49:17 AM - INFO - sydneytrains: grab static timetable info
04/10/2020 10:55:31 AM - INFO - Start running project
04/10/2020 10:55:36 AM - INFO - sydneytrains: grab trip update info
04/10/2020 10:59:39 AM - INFO - Start running project
04/10/2020 10:59:44 AM - INFO - sydneytrains: grab trip update info
04/10/2020 01:37:16 PM - INFO - Start running project
04/10/2020 01:37:22 PM - INFO - sydneytrains: grab static timetable info
04/10/2020 01:39:52 PM - INFO - Start running project
04/10/2020 01:39:57 PM - INFO - sydneytrains: grab trip update info
04/10/2020 02:17:56 PM - INFO - Start running project
04/10/2020 02:18:01 PM - INFO - sydneytrains: grab trip update info
04/10/2020 02:30:08 PM - INFO - Start running project
04/10/2020 02:30:12 PM - INFO - sydneytrains: grab trip update info
04/10/2020 03:00:24 PM - INFO - Start running project
04/10/2020 03:00:34 PM - INFO - Start running project
04/10/2020 03:00:38 PM - INFO - sydneytrains: grab trip update info
04/10/2020 03:08:04 PM - INFO - Start running project
04/10/2020 03:08:07 PM - INFO - sydneytrains: grab trip update info
04/10/2020 03:13:17 PM - INFO - Start running project
04/10/2020 03:13:20 PM - INFO - sydneytrains: grab trip update info
04/10/2020 03:17:29 PM - INFO - Start running project
04/10/2020 03:17:33 PM - INFO - sydneytrains: grab trip update info
04/10/2020 03:20:45 PM - INFO - Start running project
04/10/2020 03:20:48 PM - INFO - sydneytrains: grab trip update info
04/10/2020 03:23:32 PM - INFO - Start running project
04/10/2020 03:23:35 PM - INFO - sydneytrains: grab trip update info
04/10/2020 03:28:03 PM - INFO - Start running project
04/10/2020 03:28:05 PM - INFO - sydneytrains: grab trip update info
04/10/2020 03:29:16 PM - INFO - Start running project
04/10/2020 03:29:19 PM - INFO - sydneytrains: grab trip update info
04/10/2020 03:30:17 PM - INFO - Start running project
04/10/2020 03:30:19 PM - INFO - sydneytrains: grab trip update info
04/10/2020 03:30:30 PM - INFO - Start running project
04/10/2020 03:30:32 PM - INFO - sydneytrains: grab trip update info
04/10/2020 03:31:50 PM - INFO - Start running project
04/10/2020 03:31:52 PM - INFO - sydneytrains: grab trip update info
04/10/2020 03:31:55 PM - INFO - Start running project
04/10/2020 03:31:57 PM - INFO - sydneytrains: grab trip update info
04/10/2020 03:39:06 PM - INFO - Start running project
04/10/2020 03:39:08 PM - INFO - sydneytrains: grab trip update info
04/10/2020 03:51:18 PM - INFO - Start running project
04/10/2020 03:51:23 PM - INFO - sydneytrains: grab trip update info
04/10/2020 03:51:27 PM - INFO - Start running project
04/10/2020 03:51:30 PM - INFO - sydneytrains: grab static timetable info
04/10/2020 04:05:27 PM - INFO - Start running project
04/10/2020 04:05:29 PM - INFO - sydneytrains: grab trip update info
04/10/2020 04:11:50 PM - INFO - Start running project
04/10/2020 04:11:55 PM - INFO - sydneytrains: grab trip update info
04/10/2020 04:33:17 PM - INFO - Start running project
04/10/2020 04:33:21 PM - INFO - sydneytrains: grab alert info
